{
  message: 'Database connected',
  level: 'info',
  service: 'user-service',
  label: 'PH',
  timestamp: '2023-06-11T17:19:57.380Z'
}
{
  message: 'Server is running on port 5000',
  level: 'info',
  service: 'user-service',
  label: 'PH',
  timestamp: '2023-06-11T17:19:57.397Z'
}
{
  message: 'Database connected',
  level: 'info',
  service: 'user-service',
  label: 'PH',
  timestamp: '2023-06-11T17:20:28.391Z'
}
{
  message: 'Server is running on port 5000',
  level: 'info',
  service: 'user-service',
  label: 'PH',
  timestamp: '2023-06-11T17:20:28.405Z'
}
{
  message: 'Database connected',
  level: 'info',
  service: 'user-service',
  label: 'PH',
  timestamp: '2023-06-11T17:23:55.420Z'
}
{
  message: 'Server is running on port 5000',
  level: 'info',
  service: 'user-service',
  label: 'PH',
  timestamp: '2023-06-11T17:23:55.473Z'
}
{
  message: 'Database connected',
  level: 'info',
  service: 'user-service',
  label: 'PH',
  timestamp: '2023-06-11T17:24:20.061Z'
}
{
  message: 'Server is running on port 5000',
  level: 'info',
  service: 'user-service',
  label: 'PH',
  timestamp: '2023-06-11T17:24:20.076Z'
}
{
  message: 'Database connected',
  level: 'info',
  service: 'user-service',
  label: 'PH',
  timestamp: '2023-06-11T17:24:29.127Z'
}
{
  message: 'Server is running on port 5000',
  level: 'info',
  service: 'user-service',
  label: 'PH',
  timestamp: '2023-06-11T17:24:29.142Z'
}
{
  message: 'Database connected',
  level: 'info',
  service: 'user-service',
  label: 'PH',
  timestamp: '2023-06-11T17:25:56.615Z'
}
{
  message: 'Server is running on port 5000',
  level: 'info',
  service: 'user-service',
  label: 'PH',
  timestamp: '2023-06-11T17:25:56.638Z'
}
{
  message: 'Database connected',
  level: 'info',
  service: 'user-service',
  label: 'PH',
  timestamp: '2023-06-11T17:35:01.531Z'
}
{
  message: 'Server is running on port 5000',
  level: 'info',
  service: 'user-service',
  label: 'PH',
  timestamp: '2023-06-11T17:35:01.549Z'
}
{
  message: 'Database connected',
  level: 'info',
  service: 'user-service',
  label: 'PH',
  timestamp: '2023-06-11T17:35:23.325Z'
}
{
  message: 'Server is running on port 5000',
  level: 'info',
  service: 'user-service',
  label: 'PH',
  timestamp: '2023-06-11T17:35:23.341Z'
}
{
  message: 'Database connected',
  level: 'info',
  service: 'user-service',
  label: 'PH',
  timestamp: '2023-06-11T17:35:31.136Z'
}
{
  message: 'Server is running on port 5000',
  level: 'info',
  service: 'user-service',
  label: 'PH',
  timestamp: '2023-06-11T17:35:31.155Z'
}
{
  message: 'Database connected',
  level: 'info',
  service: 'user-service',
  label: 'PH',
  timestamp: '2023-06-11T17:35:38.150Z'
}
{
  message: 'Server is running on port 5000',
  level: 'info',
  service: 'user-service',
  label: 'PH',
  timestamp: '2023-06-11T17:35:38.160Z'
}
{
  message: 'Database connected',
  level: 'info',
  service: 'user-service',
  label: 'PH',
  timestamp: '2023-06-11T17:35:48.334Z'
}
{
  message: 'Server is running on port 5000',
  level: 'info',
  service: 'user-service',
  label: 'PH',
  timestamp: '2023-06-11T17:35:48.348Z'
}
{
  message: 'Database connected',
  level: 'info',
  service: 'user-service',
  label: 'PH',
  timestamp: '2023-06-11T17:36:11.663Z'
}
{
  message: 'Server is running on port 5000',
  level: 'info',
  service: 'user-service',
  label: 'PH',
  timestamp: '2023-06-11T17:36:11.673Z'
}
{
  message: 'Database connected',
  level: 'info',
  service: 'user-service',
  label: 'PH',
  timestamp: '2023-06-11T17:36:44.180Z'
}
{
  message: 'Server is running on port 5000',
  level: 'info',
  service: 'user-service',
  label: 'PH',
  timestamp: '2023-06-11T17:36:44.222Z'
}
{
  message: 'Database connected',
  level: 'info',
  service: 'user-service',
  label: 'PH',
  timestamp: '2023-06-11T17:41:42.005Z'
}
{
  message: 'Server is running on port 5000',
  level: 'info',
  service: 'user-service',
  label: 'PH',
  timestamp: '2023-06-11T17:41:42.024Z'
}
{
  message: 'Database connected',
  level: 'info',
  service: 'user-service',
  label: 'PH',
  timestamp: '2023-06-11T17:41:48.424Z'
}
{
  message: 'Server is running on port 5000',
  level: 'info',
  service: 'user-service',
  label: 'PH',
  timestamp: '2023-06-11T17:41:48.435Z'
}
{
  message: 'Database connected',
  level: 'info',
  service: 'user-service',
  label: 'PH',
  timestamp: '2023-06-11T17:43:20.401Z'
}
{
  message: 'Server is running on port 5000',
  level: 'info',
  service: 'user-service',
  label: 'PH',
  timestamp: '2023-06-11T17:43:20.425Z'
}
{
  message: 'Database connected',
  level: 'info',
  service: 'user-service',
  label: 'PH',
  timestamp: '2023-06-11T17:45:04.748Z'
}
{
  message: 'Server is running on port 5000',
  level: 'info',
  service: 'user-service',
  label: 'PH',
  timestamp: '2023-06-11T17:45:04.765Z'
}
{
  message: 'Database connected',
  level: 'info',
  service: 'user-service',
  label: 'PH',
  timestamp: '2023-06-11T17:45:23.772Z'
}
{
  message: 'Server is running on port 5000',
  level: 'info',
  service: 'user-service',
  label: 'PH',
  timestamp: '2023-06-11T17:45:23.784Z'
}
{
  message: 'Database connected',
  level: 'info',
  service: 'user-service',
  label: 'PH',
  timestamp: '2023-06-11T17:49:52.481Z'
}
{
  message: 'Server is running on port 5000',
  level: 'info',
  service: 'user-service',
  label: 'PH',
  timestamp: '2023-06-11T17:49:52.495Z'
}
{
  message: 'Database connected',
  level: 'info',
  service: 'user-service',
  label: 'PH',
  timestamp: '2023-06-11T17:49:57.614Z'
}
{
  message: 'Server is running on port 5000',
  level: 'info',
  service: 'user-service',
  label: 'PH',
  timestamp: '2023-06-11T17:49:57.627Z'
}
{
  message: 'Database connected',
  level: 'info',
  service: 'user-service',
  label: 'PH',
  timestamp: '2023-06-11T17:50:16.844Z'
}
{
  message: 'Server is running on port 5000',
  level: 'info',
  service: 'user-service',
  label: 'PH',
  timestamp: '2023-06-11T17:50:16.862Z'
}
{
  message: 'Database connected',
  level: 'info',
  service: 'user-service',
  label: 'PH',
  timestamp: '2023-06-11T17:50:30.652Z'
}
{
  message: 'Server is running on port 5000',
  level: 'info',
  service: 'user-service',
  label: 'PH',
  timestamp: '2023-06-11T17:50:30.683Z'
}
{
  message: 'Database connected',
  level: 'info',
  service: 'user-service',
  label: 'PH',
  timestamp: '2023-06-11T17:50:36.709Z'
}
{
  message: 'Server is running on port 5000',
  level: 'info',
  service: 'user-service',
  label: 'PH',
  timestamp: '2023-06-11T17:50:36.752Z'
}
