{
  message: 'Database connected',
  level: 'info',
  service: 'user-service',
  label: 'PH',
  timestamp: '2023-06-30T19:08:55.207Z'
}
{
  message: 'Server is running on port 5000',
  level: 'info',
  service: 'user-service',
  label: 'PH',
  timestamp: '2023-06-30T19:08:55.233Z'
}
{
  message: 'Database connected',
  level: 'info',
  service: 'user-service',
  label: 'PH',
  timestamp: '2023-06-30T19:11:21.213Z'
}
{
  message: 'Server is running on port 5000',
  level: 'info',
  service: 'user-service',
  label: 'PH',
  timestamp: '2023-06-30T19:11:21.237Z'
}
{
  message: 'Database connected',
  level: 'info',
  service: 'user-service',
  label: 'PH',
  timestamp: '2023-06-30T19:15:30.741Z'
}
{
  message: 'Server is running on port 5000',
  level: 'info',
  service: 'user-service',
  label: 'PH',
  timestamp: '2023-06-30T19:15:30.754Z'
}
{
  message: 'Database connected',
  level: 'info',
  service: 'user-service',
  label: 'PH',
  timestamp: '2023-06-30T19:15:51.871Z'
}
{
  message: 'Server is running on port 5000',
  level: 'info',
  service: 'user-service',
  label: 'PH',
  timestamp: '2023-06-30T19:15:51.891Z'
}
{
  message: 'Database connected',
  level: 'info',
  service: 'user-service',
  label: 'PH',
  timestamp: '2023-06-30T19:16:13.238Z'
}
{
  message: 'Server is running on port 5000',
  level: 'info',
  service: 'user-service',
  label: 'PH',
  timestamp: '2023-06-30T19:16:13.254Z'
}
{
  message: 'Database connected',
  level: 'info',
  service: 'user-service',
  label: 'PH',
  timestamp: '2023-06-30T19:16:22.868Z'
}
{
  message: 'Server is running on port 5000',
  level: 'info',
  service: 'user-service',
  label: 'PH',
  timestamp: '2023-06-30T19:16:22.881Z'
}
{
  message: 'Database connected',
  level: 'info',
  service: 'user-service',
  label: 'PH',
  timestamp: '2023-06-30T19:17:55.632Z'
}
{
  message: 'Server is running on port 5000',
  level: 'info',
  service: 'user-service',
  label: 'PH',
  timestamp: '2023-06-30T19:17:55.648Z'
}
{
  message: 'Database connected',
  level: 'info',
  service: 'user-service',
  label: 'PH',
  timestamp: '2023-06-30T19:18:23.008Z'
}
{
  message: 'Server is running on port 5000',
  level: 'info',
  service: 'user-service',
  label: 'PH',
  timestamp: '2023-06-30T19:18:23.026Z'
}
{
  message: 'Database connected',
  level: 'info',
  service: 'user-service',
  label: 'PH',
  timestamp: '2023-06-30T19:18:45.951Z'
}
{
  message: 'Server is running on port 5000',
  level: 'info',
  service: 'user-service',
  label: 'PH',
  timestamp: '2023-06-30T19:18:45.977Z'
}
{
  message: 'Database connected',
  level: 'info',
  service: 'user-service',
  label: 'PH',
  timestamp: '2023-06-30T19:23:13.912Z'
}
{
  message: 'Server is running on port 5000',
  level: 'info',
  service: 'user-service',
  label: 'PH',
  timestamp: '2023-06-30T19:23:13.929Z'
}
{
  message: 'Database connected',
  level: 'info',
  service: 'user-service',
  label: 'PH',
  timestamp: '2023-06-30T19:23:19.852Z'
}
{
  message: 'Server is running on port 5000',
  level: 'info',
  service: 'user-service',
  label: 'PH',
  timestamp: '2023-06-30T19:23:19.869Z'
}
{
  message: 'Database connected',
  level: 'info',
  service: 'user-service',
  label: 'PH',
  timestamp: '2023-06-30T19:23:23.758Z'
}
{
  message: 'Server is running on port 5000',
  level: 'info',
  service: 'user-service',
  label: 'PH',
  timestamp: '2023-06-30T19:23:23.776Z'
}
{
  message: 'Database connected',
  level: 'info',
  service: 'user-service',
  label: 'PH',
  timestamp: '2023-06-30T19:24:09.665Z'
}
{
  message: 'Server is running on port 5000',
  level: 'info',
  service: 'user-service',
  label: 'PH',
  timestamp: '2023-06-30T19:24:09.691Z'
}
{
  message: 'Database connected',
  level: 'info',
  service: 'user-service',
  label: 'PH',
  timestamp: '2023-06-30T19:24:18.627Z'
}
{
  message: 'Server is running on port 5000',
  level: 'info',
  service: 'user-service',
  label: 'PH',
  timestamp: '2023-06-30T19:24:18.652Z'
}
{
  message: 'Database connected',
  level: 'info',
  service: 'user-service',
  label: 'PH',
  timestamp: '2023-06-30T19:25:11.953Z'
}
{
  message: 'Server is running on port 5000',
  level: 'info',
  service: 'user-service',
  label: 'PH',
  timestamp: '2023-06-30T19:25:11.967Z'
}
{
  message: 'Database connected',
  level: 'info',
  service: 'user-service',
  label: 'PH',
  timestamp: '2023-06-30T19:25:27.844Z'
}
{
  message: 'Server is running on port 5000',
  level: 'info',
  service: 'user-service',
  label: 'PH',
  timestamp: '2023-06-30T19:25:27.857Z'
}
{
  message: 'Database connected',
  level: 'info',
  service: 'user-service',
  label: 'PH',
  timestamp: '2023-06-30T19:25:38.798Z'
}
{
  message: 'Server is running on port 5000',
  level: 'info',
  service: 'user-service',
  label: 'PH',
  timestamp: '2023-06-30T19:25:38.814Z'
}
{
  message: 'Database connected',
  level: 'info',
  service: 'user-service',
  label: 'PH',
  timestamp: '2023-06-30T19:27:02.206Z'
}
{
  message: 'Server is running on port 5000',
  level: 'info',
  service: 'user-service',
  label: 'PH',
  timestamp: '2023-06-30T19:27:02.222Z'
}
{
  message: 'Database connected',
  level: 'info',
  service: 'user-service',
  label: 'PH',
  timestamp: '2023-06-30T19:27:16.765Z'
}
{
  message: 'Server is running on port 5000',
  level: 'info',
  service: 'user-service',
  label: 'PH',
  timestamp: '2023-06-30T19:27:16.781Z'
}
{
  message: 'Database connected',
  level: 'info',
  service: 'user-service',
  label: 'PH',
  timestamp: '2023-06-30T19:27:21.820Z'
}
{
  message: 'Server is running on port 5000',
  level: 'info',
  service: 'user-service',
  label: 'PH',
  timestamp: '2023-06-30T19:27:21.831Z'
}
{
  message: 'Database connected',
  level: 'info',
  service: 'user-service',
  label: 'PH',
  timestamp: '2023-06-30T19:27:32.656Z'
}
{
  message: 'Server is running on port 5000',
  level: 'info',
  service: 'user-service',
  label: 'PH',
  timestamp: '2023-06-30T19:27:32.688Z'
}
{
  message: 'Database connected',
  level: 'info',
  service: 'user-service',
  label: 'PH',
  timestamp: '2023-06-30T19:29:04.115Z'
}
{
  message: 'Server is running on port 5000',
  level: 'info',
  service: 'user-service',
  label: 'PH',
  timestamp: '2023-06-30T19:29:04.134Z'
}
