{
  message: 'Database connected',
  level: 'info',
  service: 'user-service',
  label: 'PH',
  timestamp: '2023-06-11T16:17:44.254Z'
}
{
  message: 'Server is running on port 5000',
  level: 'info',
  service: 'user-service',
  label: 'PH',
  timestamp: '2023-06-11T16:17:44.289Z'
}
{
  message: 'Database connected',
  level: 'info',
  service: 'user-service',
  label: 'PH',
  timestamp: '2023-06-11T16:19:10.046Z'
}
{
  message: 'Server is running on port 5000',
  level: 'info',
  service: 'user-service',
  label: 'PH',
  timestamp: '2023-06-11T16:19:10.058Z'
}
{
  message: 'Database connected',
  level: 'info',
  service: 'user-service',
  label: 'PH',
  timestamp: '2023-06-11T16:22:58.555Z'
}
{
  message: 'Server is running on port 5000',
  level: 'info',
  service: 'user-service',
  label: 'PH',
  timestamp: '2023-06-11T16:22:58.569Z'
}
{
  message: 'Database connected',
  level: 'info',
  service: 'user-service',
  label: 'PH',
  timestamp: '2023-06-11T16:27:03.830Z'
}
{
  message: 'Server is running on port 5000',
  level: 'info',
  service: 'user-service',
  label: 'PH',
  timestamp: '2023-06-11T16:27:03.885Z'
}
{
  message: 'Database connected',
  level: 'info',
  service: 'user-service',
  label: 'PH',
  timestamp: '2023-06-11T16:35:42.423Z'
}
{
  message: 'Server is running on port 5000',
  level: 'info',
  service: 'user-service',
  label: 'PH',
  timestamp: '2023-06-11T16:35:42.450Z'
}
{
  message: 'Database connected',
  level: 'info',
  service: 'user-service',
  label: 'PH',
  timestamp: '2023-06-11T16:36:30.025Z'
}
{
  message: 'Server is running on port 5000',
  level: 'info',
  service: 'user-service',
  label: 'PH',
  timestamp: '2023-06-11T16:36:30.040Z'
}
{
  message: 'Database connected',
  level: 'info',
  service: 'user-service',
  label: 'PH',
  timestamp: '2023-06-11T16:36:37.669Z'
}
{
  message: 'Server is running on port 5000',
  level: 'info',
  service: 'user-service',
  label: 'PH',
  timestamp: '2023-06-11T16:36:37.702Z'
}
{
  message: 'Database connected',
  level: 'info',
  service: 'user-service',
  label: 'PH',
  timestamp: '2023-06-11T16:36:58.777Z'
}
{
  message: 'Server is running on port 5000',
  level: 'info',
  service: 'user-service',
  label: 'PH',
  timestamp: '2023-06-11T16:36:58.788Z'
}
{
  message: 'Database connected',
  level: 'info',
  service: 'user-service',
  label: 'PH',
  timestamp: '2023-06-11T16:37:19.069Z'
}
{
  message: 'Server is running on port 5000',
  level: 'info',
  service: 'user-service',
  label: 'PH',
  timestamp: '2023-06-11T16:37:19.082Z'
}
{
  message: 'Database connected',
  level: 'info',
  service: 'user-service',
  label: 'PH',
  timestamp: '2023-06-11T16:37:29.602Z'
}
{
  message: 'Server is running on port 5000',
  level: 'info',
  service: 'user-service',
  label: 'PH',
  timestamp: '2023-06-11T16:37:29.636Z'
}
{
  message: 'Database connected',
  level: 'info',
  service: 'user-service',
  label: 'PH',
  timestamp: '2023-06-11T16:37:34.344Z'
}
{
  message: 'Server is running on port 5000',
  level: 'info',
  service: 'user-service',
  label: 'PH',
  timestamp: '2023-06-11T16:37:34.355Z'
}
{
  message: 'Database connected',
  level: 'info',
  service: 'user-service',
  label: 'PH',
  timestamp: '2023-06-11T16:37:45.675Z'
}
{
  message: 'Server is running on port 5000',
  level: 'info',
  service: 'user-service',
  label: 'PH',
  timestamp: '2023-06-11T16:37:45.690Z'
}
{
  message: 'Database connected',
  level: 'info',
  service: 'user-service',
  label: 'PH',
  timestamp: '2023-06-11T16:37:57.387Z'
}
{
  message: 'Server is running on port 5000',
  level: 'info',
  service: 'user-service',
  label: 'PH',
  timestamp: '2023-06-11T16:37:57.403Z'
}
{
  message: 'Database connected',
  level: 'info',
  service: 'user-service',
  label: 'PH',
  timestamp: '2023-06-11T16:41:34.050Z'
}
{
  message: 'Server is running on port 5000',
  level: 'info',
  service: 'user-service',
  label: 'PH',
  timestamp: '2023-06-11T16:41:34.072Z'
}
