{
  message: 'Database connected',
  level: 'info',
  service: 'user-service',
  label: 'PH',
  timestamp: '2023-06-27T16:37:26.731Z'
}
{
  message: 'Server is running on port 5000',
  level: 'info',
  service: 'user-service',
  label: 'PH',
  timestamp: '2023-06-27T16:37:27.058Z'
}
{
  message: 'Database connected',
  level: 'info',
  service: 'user-service',
  label: 'PH',
  timestamp: '2023-06-27T16:37:59.285Z'
}
{
  message: 'Server is running on port 5000',
  level: 'info',
  service: 'user-service',
  label: 'PH',
  timestamp: '2023-06-27T16:37:59.307Z'
}
{
  message: 'Database connected',
  level: 'info',
  service: 'user-service',
  label: 'PH',
  timestamp: '2023-06-27T16:38:12.309Z'
}
{
  message: 'Server is running on port 5000',
  level: 'info',
  service: 'user-service',
  label: 'PH',
  timestamp: '2023-06-27T16:38:12.323Z'
}
{
  message: 'Database connected',
  level: 'info',
  service: 'user-service',
  label: 'PH',
  timestamp: '2023-06-27T16:38:18.187Z'
}
{
  message: 'Server is running on port 5000',
  level: 'info',
  service: 'user-service',
  label: 'PH',
  timestamp: '2023-06-27T16:38:18.202Z'
}
{
  message: 'Database connected',
  level: 'info',
  service: 'user-service',
  label: 'PH',
  timestamp: '2023-06-27T16:38:29.258Z'
}
{
  message: 'Server is running on port 5000',
  level: 'info',
  service: 'user-service',
  label: 'PH',
  timestamp: '2023-06-27T16:38:29.282Z'
}
{
  message: 'Database connected',
  level: 'info',
  service: 'user-service',
  label: 'PH',
  timestamp: '2023-06-27T16:38:36.353Z'
}
{
  message: 'Server is running on port 5000',
  level: 'info',
  service: 'user-service',
  label: 'PH',
  timestamp: '2023-06-27T16:38:36.370Z'
}
{
  message: 'Database connected',
  level: 'info',
  service: 'user-service',
  label: 'PH',
  timestamp: '2023-06-27T16:39:54.331Z'
}
{
  message: 'Server is running on port 5000',
  level: 'info',
  service: 'user-service',
  label: 'PH',
  timestamp: '2023-06-27T16:39:54.352Z'
}
{
  message: 'Database connected',
  level: 'info',
  service: 'user-service',
  label: 'PH',
  timestamp: '2023-06-27T16:39:59.533Z'
}
{
  message: 'Server is running on port 5000',
  level: 'info',
  service: 'user-service',
  label: 'PH',
  timestamp: '2023-06-27T16:39:59.553Z'
}
{
  message: 'Database connected',
  level: 'info',
  service: 'user-service',
  label: 'PH',
  timestamp: '2023-06-27T16:40:23.860Z'
}
{
  message: 'Server is running on port 5000',
  level: 'info',
  service: 'user-service',
  label: 'PH',
  timestamp: '2023-06-27T16:40:23.878Z'
}
{
  message: 'Database connected',
  level: 'info',
  service: 'user-service',
  label: 'PH',
  timestamp: '2023-06-27T16:40:36.233Z'
}
{
  message: 'Server is running on port 5000',
  level: 'info',
  service: 'user-service',
  label: 'PH',
  timestamp: '2023-06-27T16:40:36.248Z'
}
{
  message: 'Database connected',
  level: 'info',
  service: 'user-service',
  label: 'PH',
  timestamp: '2023-06-27T16:40:41.315Z'
}
{
  message: 'Server is running on port 5000',
  level: 'info',
  service: 'user-service',
  label: 'PH',
  timestamp: '2023-06-27T16:40:41.328Z'
}
{
  message: 'Database connected',
  level: 'info',
  service: 'user-service',
  label: 'PH',
  timestamp: '2023-06-27T16:41:45.647Z'
}
{
  message: 'Server is running on port 5000',
  level: 'info',
  service: 'user-service',
  label: 'PH',
  timestamp: '2023-06-27T16:41:45.658Z'
}
{
  message: 'Database connected',
  level: 'info',
  service: 'user-service',
  label: 'PH',
  timestamp: '2023-06-27T16:42:02.152Z'
}
{
  message: 'Server is running on port 5000',
  level: 'info',
  service: 'user-service',
  label: 'PH',
  timestamp: '2023-06-27T16:42:02.166Z'
}
{
  message: 'Database connected',
  level: 'info',
  service: 'user-service',
  label: 'PH',
  timestamp: '2023-06-27T16:42:05.756Z'
}
{
  message: 'Server is running on port 5000',
  level: 'info',
  service: 'user-service',
  label: 'PH',
  timestamp: '2023-06-27T16:42:05.772Z'
}
{
  message: 'Database connected',
  level: 'info',
  service: 'user-service',
  label: 'PH',
  timestamp: '2023-06-27T16:42:10.605Z'
}
{
  message: 'Server is running on port 5000',
  level: 'info',
  service: 'user-service',
  label: 'PH',
  timestamp: '2023-06-27T16:42:10.626Z'
}
