{
  message: 'Database not connected',
  error: TypeError: Cannot read properties of undefined (reading 'listen')
      at G:\Mission-3 (Project)\UM-App\src\server.ts:10:9
      at Generator.next (<anonymous>)
      at fulfilled (G:\Mission-3 (Project)\UM-App\src\server.ts:5:58)
      at processTicksAndRejections (node:internal/process/task_queues:95:5),
  level: 'error',
  service: 'user-service',
  label: 'PH',
  timestamp: '2023-06-15T17:44:33.040Z'
}
{
  message: 'Database not connected',
  error: TypeError: Cannot read properties of undefined (reading 'listen')
      at G:\Mission-3 (Project)\UM-App\src\server.ts:10:9
      at Generator.next (<anonymous>)
      at fulfilled (G:\Mission-3 (Project)\UM-App\src\server.ts:5:58)
      at processTicksAndRejections (node:internal/process/task_queues:95:5),
  level: 'error',
  service: 'user-service',
  label: 'PH',
  timestamp: '2023-06-15T17:44:43.399Z'
}
