{
  message: 'Database not connected',
  error: Error: queryTxt ETIMEOUT cluster0.n72f5gi.mongodb.net
      at QueryReqWrap.onresolve [as oncomplete] (node:internal/dns/promises:251:17) {
    errno: undefined,
    code: 'ETIMEOUT',
    syscall: 'queryTxt',
    hostname: 'cluster0.n72f5gi.mongodb.net'
  },
  level: 'error',
  service: 'user-service',
  label: 'PH',
  timestamp: '2023-07-04T20:10:02.288Z'
}
{
  level: 'error',
  service: 'user-service',
  label: 'PH',
  timestamp: '2023-07-04T20:10:48.336Z',
  [Symbol(errorLabels)]: Set(0) {}
}
