{
  level: 'error',
  service: 'user-service',
  label: 'PH',
  timestamp: '2023-07-03T16:15:41.106Z'
}
{
  message: 'Database not connected',
  error: Error: queryTxt ETIMEOUT cluster0.n72f5gi.mongodb.net
      at QueryReqWrap.onresolve [as oncomplete] (node:internal/dns/promises:251:17) {
    errno: undefined,
    code: 'ETIMEOUT',
    syscall: 'queryTxt',
    hostname: 'cluster0.n72f5gi.mongodb.net'
  },
  level: 'error',
  service: 'user-service',
  label: 'PH',
  timestamp: '2023-07-03T16:19:29.130Z'
}
{
  message: 'Database not connected',
  error: Error: queryTxt ETIMEOUT cluster0.n72f5gi.mongodb.net
      at QueryReqWrap.onresolve [as oncomplete] (node:internal/dns/promises:251:17) {
    errno: undefined,
    code: 'ETIMEOUT',
    syscall: 'queryTxt',
    hostname: 'cluster0.n72f5gi.mongodb.net'
  },
  level: 'error',
  service: 'user-service',
  label: 'PH',
  timestamp: '2023-07-03T16:22:53.695Z'
}
{
  message: 'Database not connected',
  error: Error: queryTxt ETIMEOUT cluster0.n72f5gi.mongodb.net
      at QueryReqWrap.onresolve [as oncomplete] (node:internal/dns/promises:251:17) {
    errno: undefined,
    code: 'ETIMEOUT',
    syscall: 'queryTxt',
    hostname: 'cluster0.n72f5gi.mongodb.net'
  },
  level: 'error',
  service: 'user-service',
  label: 'PH',
  timestamp: '2023-07-03T16:33:07.786Z'
}
